<?xml version="1.0" encoding="UTF-8"?>
<!-- Generated by org.testng.reporters.JUnitXMLReporter -->
<testsuite hostname="SKY-20160421DSO" ignored="1" name="login process model test" tests="5" failures="0" timestamp="09 一月 2018 12:13:56 GMT" time="58.121" errors="0">
  <testcase name="testLoginRequestContent" time="7.235" classname="com.yunshang.TestLoginProcess"/>
  <testcase name="testLoginSendLoginRequest" time="6.649" classname="com.yunshang.TestLoginProcess"/>
  <testcase name="testLoginSuccess" time="11.646" classname="com.yunshang.TestLoginProcess"/>
  <testcase name="testlsmQuota" time="5.945" classname="com.yunshang.TestReleasePacket"/>
  <testcase name="testsdkVersionNumber" time="5.604" classname="com.yunshang.TestReleasePacket"/>
  <testcase name="testsdkReleaseCheck" time="0.0" classname="com.yunshang.TestReleasePacket">
    <ignored/>
  </testcase> <!-- testsdkReleaseCheck -->
</testsuite> <!-- login process model test -->
