<?xml version="1.0" encoding="UTF-8"?>
<!-- Generated by org.testng.reporters.JUnitXMLReporter -->
<testsuite hostname="SKY-20160421DSO" ignored="2" name="test device 1" tests="1" failures="0" timestamp="09 三月 2018 09:14:15 GMT" time="14.462" errors="0">
  <testcase name="testFirstStart" time="2.679" classname="com.yunshang.InitTest"/>
  <testcase name="testNetworkOutage" time="0.0" classname="com.yunshang.InitTest">
    <ignored/>
  </testcase> <!-- testNetworkOutage -->
  <testcase name="testRepeatStartWithoutMemoryLeak" time="0.0" classname="com.yunshang.InitTest">
    <ignored/>
  </testcase> <!-- testRepeatStartWithoutMemoryLeak -->
</testsuite> <!-- test device 1 -->
